<?xml version="1.0" encoding="utf-8"?><testsuites name="pytest tests"><testsuite name="pytest" errors="0" failures="0" skipped="0" tests="6" time="3.931" timestamp="2026-09-14T21:52:42.849990+00:00" hostname="agent-env-fd4e7e17-e47d-4302-9828-ca5f00d7f76b"><testcase classname="tests.test_guest_and_ai.TestGuestCheckout" name="test_guest_order_create_and_email_gated_get" time="1.605" /><testcase classname="tests.test_guest_and_ai.TestAdminGuest" name="test_admin_orders_lists_guest" time="0.539" /><testcase classname="tests.test_guest_and_ai.TestAdminGuest" name="test_ai_metrics_has_needs_review" time="0.067" /><testcase classname="tests.test_guest_and_ai.TestLoggedInOrder" name="test_demo_login_and_order" time="0.652" /><testcase classname="tests.test_guest_and_ai.TestGuestCheckout" name="test_guest_order_claim_via_register" time="0.677" /><testcase classname="tests.test_guest_and_ai.TestGuestCheckout" name="test_guest_order_claim_via_login" time="1.269" /></testsuite></testsuites>